[[32mINFO [m] 2023-11-09 14:40:11,195 GoogleSearchPageStepDefinitions.derNutzerÖffnetDen() - Nutzer öffnet den Browser: chrome
[[32mINFO [m] 2023-11-09 14:40:11,968 GoogleSearchPageStepDefinitions.derBenutzerBefindetSichAuf() - Benutzer befindet sich auf: https://www.google.de
[[32mINFO [m] 2023-11-09 14:40:12,417 GoogleSearchPageStepDefinitions.derNutzerAkzeptiertDieCookieMeldung() - Nutzer akzeptiert die Cookie-Meldung
[[32mINFO [m] 2023-11-09 14:40:12,475 GoogleSearchPageStepDefinitions.der_nutzer_tippt_folgenden_suchbegriff_in_die_suchzeile_ein() - Nutzer tippt folgenden Suchbegriff in die Suchzeile ein: a
[[32mINFO [m] 2023-11-09 14:40:12,536 GoogleSearchPageStepDefinitions.der_nutzer_klickt_auf_suchen() - Nutzer klickt auf suchen
[[32mINFO [m] 2023-11-09 14:40:12,721 GoogleSearchPageStepDefinitions.derNutzerDasErsteErgebnisDerInDerErgebnislisteWaehlt() - Nutzer wählt das erste Ergebnis aus der Ergebnisliste
[[32mINFO [m] 2023-11-09 14:40:14,673 GoogleSearchPageStepDefinitions.soll_geprüft_werden_ob_der_title_der_seite_folgender_ist() - Soll geprüft werden ob der Title der Seite folgender ist: A – Wikipedia
[[32mINFO [m] 2023-11-09 14:40:14,710 GoogleSearchPageStepDefinitions.tearDown() - Browser wird geschlossen
[[32mINFO [m] 2023-11-09 14:40:14,798 GoogleSearchPageStepDefinitions.derNutzerÖffnetDen() - Nutzer öffnet den Browser: chrome
[[32mINFO [m] 2023-11-09 14:40:15,177 GoogleSearchPageStepDefinitions.derBenutzerBefindetSichAuf() - Benutzer befindet sich auf: https://www.google.de
[[32mINFO [m] 2023-11-09 14:40:15,609 GoogleSearchPageStepDefinitions.derNutzerAkzeptiertDieCookieMeldung() - Nutzer akzeptiert die Cookie-Meldung
[[32mINFO [m] 2023-11-09 14:40:15,654 GoogleSearchPageStepDefinitions.der_nutzer_tippt_folgenden_suchbegriff_in_die_suchzeile_ein() - Nutzer tippt folgenden Suchbegriff in die Suchzeile ein: b
[[32mINFO [m] 2023-11-09 14:40:15,705 GoogleSearchPageStepDefinitions.der_nutzer_klickt_auf_suchen() - Nutzer klickt auf suchen
[[32mINFO [m] 2023-11-09 14:40:17,438 GoogleSearchPageStepDefinitions.derNutzerDasErsteErgebnisDerInDerErgebnislisteWaehlt() - Nutzer wählt das erste Ergebnis aus der Ergebnisliste
[[32mINFO [m] 2023-11-09 14:40:21,652 GoogleSearchPageStepDefinitions.soll_geprüft_werden_ob_der_title_der_seite_folgender_ist() - Soll geprüft werden ob der Title der Seite folgender ist: Aktuelle Nachrichten | BILD.de
[[32mINFO [m] 2023-11-09 14:40:21,666 GoogleSearchPageStepDefinitions.tearDown() - Browser wird geschlossen
[[32mINFO [m] 2023-11-09 14:40:21,804 GoogleSearchPageStepDefinitions.derNutzerÖffnetDen() - Nutzer öffnet den Browser: firefox
[[32mINFO [m] 2023-11-09 14:40:22,847 GoogleSearchPageStepDefinitions.derBenutzerBefindetSichAuf() - Benutzer befindet sich auf: https://www.google.de
[[32mINFO [m] 2023-11-09 14:40:23,412 GoogleSearchPageStepDefinitions.derNutzerAkzeptiertDieCookieMeldung() - Nutzer akzeptiert die Cookie-Meldung
[[32mINFO [m] 2023-11-09 14:40:23,665 GoogleSearchPageStepDefinitions.der_nutzer_tippt_folgenden_suchbegriff_in_die_suchzeile_ein() - Nutzer tippt folgenden Suchbegriff in die Suchzeile ein: a
[[32mINFO [m] 2023-11-09 14:40:23,699 GoogleSearchPageStepDefinitions.der_nutzer_klickt_auf_suchen() - Nutzer klickt auf suchen
[[32mINFO [m] 2023-11-09 14:40:23,750 GoogleSearchPageStepDefinitions.derNutzerDasErsteErgebnisDerInDerErgebnislisteWaehlt() - Nutzer wählt das erste Ergebnis aus der Ergebnisliste
[[32mINFO [m] 2023-11-09 14:40:24,460 GoogleSearchPageStepDefinitions.soll_geprüft_werden_ob_der_title_der_seite_folgender_ist() - Soll geprüft werden ob der Title der Seite folgender ist: A – Wikipedia
[[32mINFO [m] 2023-11-09 14:40:24,478 GoogleSearchPageStepDefinitions.tearDown() - Browser wird geschlossen
[[32mINFO [m] 2023-11-09 14:40:25,352 GoogleSearchPageStepDefinitions.derNutzerÖffnetDen() - Nutzer öffnet den Browser: firefox
[[32mINFO [m] 2023-11-09 14:40:26,387 GoogleSearchPageStepDefinitions.derBenutzerBefindetSichAuf() - Benutzer befindet sich auf: https://www.google.de
[[32mINFO [m] 2023-11-09 14:40:26,934 GoogleSearchPageStepDefinitions.derNutzerAkzeptiertDieCookieMeldung() - Nutzer akzeptiert die Cookie-Meldung
[[32mINFO [m] 2023-11-09 14:40:27,186 GoogleSearchPageStepDefinitions.der_nutzer_tippt_folgenden_suchbegriff_in_die_suchzeile_ein() - Nutzer tippt folgenden Suchbegriff in die Suchzeile ein: b
[[32mINFO [m] 2023-11-09 14:40:27,213 GoogleSearchPageStepDefinitions.der_nutzer_klickt_auf_suchen() - Nutzer klickt auf suchen
[[32mINFO [m] 2023-11-09 14:40:27,245 GoogleSearchPageStepDefinitions.derNutzerDasErsteErgebnisDerInDerErgebnislisteWaehlt() - Nutzer wählt das erste Ergebnis aus der Ergebnisliste
[[32mINFO [m] 2023-11-09 14:40:32,111 GoogleSearchPageStepDefinitions.soll_geprüft_werden_ob_der_title_der_seite_folgender_ist() - Soll geprüft werden ob der Title der Seite folgender ist: Aktuelle Nachrichten | BILD.de
[[32mINFO [m] 2023-11-09 14:40:32,131 GoogleSearchPageStepDefinitions.tearDown() - Browser wird geschlossen
[[32mINFO [m] 2023-11-09 14:52:05,098 GoogleSearchPageStepDefinitions.derNutzerÖffnetDen() - Nutzer öffnet den Browser: chrome
[[32mINFO [m] 2023-11-09 14:52:05,976 GoogleSearchPageStepDefinitions.derBenutzerBefindetSichAuf() - Benutzer befindet sich auf: https://www.google.de
[[32mINFO [m] 2023-11-09 14:52:06,549 GoogleSearchPageStepDefinitions.derNutzerAkzeptiertDieCookieMeldung() - Nutzer akzeptiert die Cookie-Meldung
[[32mINFO [m] 2023-11-09 14:52:06,599 GoogleSearchPageStepDefinitions.der_nutzer_tippt_folgenden_suchbegriff_in_die_suchzeile_ein() - Nutzer tippt folgenden Suchbegriff in die Suchzeile ein: a
[[32mINFO [m] 2023-11-09 14:52:06,660 GoogleSearchPageStepDefinitions.der_nutzer_klickt_auf_suchen() - Nutzer klickt auf suchen
[[32mINFO [m] 2023-11-09 14:52:07,347 GoogleSearchPageStepDefinitions.derNutzerDasErsteErgebnisDerInDerErgebnislisteWaehlt() - Nutzer wählt das erste Ergebnis aus der Ergebnisliste
[[32mINFO [m] 2023-11-09 14:52:07,951 GoogleSearchPageStepDefinitions.soll_geprüft_werden_ob_der_title_der_seite_folgender_ist() - Soll geprüft werden ob der Title der Seite folgender ist: A – Wikipedia
[[32mINFO [m] 2023-11-09 14:52:07,987 GoogleSearchPageStepDefinitions.tearDown() - Browser wird geschlossen
[[32mINFO [m] 2023-11-09 14:52:08,114 GoogleSearchPageStepDefinitions.derNutzerÖffnetDen() - Nutzer öffnet den Browser: chrome
[[32mINFO [m] 2023-11-09 14:52:08,500 GoogleSearchPageStepDefinitions.derBenutzerBefindetSichAuf() - Benutzer befindet sich auf: https://www.google.de
[[32mINFO [m] 2023-11-09 14:52:08,981 GoogleSearchPageStepDefinitions.derNutzerAkzeptiertDieCookieMeldung() - Nutzer akzeptiert die Cookie-Meldung
[[32mINFO [m] 2023-11-09 14:52:09,033 GoogleSearchPageStepDefinitions.der_nutzer_tippt_folgenden_suchbegriff_in_die_suchzeile_ein() - Nutzer tippt folgenden Suchbegriff in die Suchzeile ein: b
[[32mINFO [m] 2023-11-09 14:52:09,093 GoogleSearchPageStepDefinitions.der_nutzer_klickt_auf_suchen() - Nutzer klickt auf suchen
[[32mINFO [m] 2023-11-09 14:52:09,270 GoogleSearchPageStepDefinitions.derNutzerDasErsteErgebnisDerInDerErgebnislisteWaehlt() - Nutzer wählt das erste Ergebnis aus der Ergebnisliste
[[32mINFO [m] 2023-11-09 14:52:13,904 GoogleSearchPageStepDefinitions.soll_geprüft_werden_ob_der_title_der_seite_folgender_ist() - Soll geprüft werden ob der Title der Seite folgender ist: Aktuelle Nachrichten | BILD.de
[[32mINFO [m] 2023-11-09 14:52:13,920 GoogleSearchPageStepDefinitions.tearDown() - Browser wird geschlossen
[[32mINFO [m] 2023-11-09 14:52:14,037 GoogleSearchPageStepDefinitions.derNutzerÖffnetDen() - Nutzer öffnet den Browser: firefox
[[32mINFO [m] 2023-11-09 14:52:15,048 GoogleSearchPageStepDefinitions.derBenutzerBefindetSichAuf() - Benutzer befindet sich auf: https://www.google.de
[[32mINFO [m] 2023-11-09 14:52:15,599 GoogleSearchPageStepDefinitions.derNutzerAkzeptiertDieCookieMeldung() - Nutzer akzeptiert die Cookie-Meldung
[[32mINFO [m] 2023-11-09 14:52:15,857 GoogleSearchPageStepDefinitions.der_nutzer_tippt_folgenden_suchbegriff_in_die_suchzeile_ein() - Nutzer tippt folgenden Suchbegriff in die Suchzeile ein: a
[[32mINFO [m] 2023-11-09 14:52:15,883 GoogleSearchPageStepDefinitions.der_nutzer_klickt_auf_suchen() - Nutzer klickt auf suchen
[[32mINFO [m] 2023-11-09 14:52:15,913 GoogleSearchPageStepDefinitions.derNutzerDasErsteErgebnisDerInDerErgebnislisteWaehlt() - Nutzer wählt das erste Ergebnis aus der Ergebnisliste
[[32mINFO [m] 2023-11-09 14:52:16,615 GoogleSearchPageStepDefinitions.soll_geprüft_werden_ob_der_title_der_seite_folgender_ist() - Soll geprüft werden ob der Title der Seite folgender ist: A – Wikipedia
[[32mINFO [m] 2023-11-09 14:52:16,624 GoogleSearchPageStepDefinitions.tearDown() - Browser wird geschlossen
[[32mINFO [m] 2023-11-09 14:52:17,581 GoogleSearchPageStepDefinitions.derNutzerÖffnetDen() - Nutzer öffnet den Browser: firefox
[[32mINFO [m] 2023-11-09 14:52:18,617 GoogleSearchPageStepDefinitions.derBenutzerBefindetSichAuf() - Benutzer befindet sich auf: https://www.google.de
[[32mINFO [m] 2023-11-09 14:52:19,177 GoogleSearchPageStepDefinitions.derNutzerAkzeptiertDieCookieMeldung() - Nutzer akzeptiert die Cookie-Meldung
[[32mINFO [m] 2023-11-09 14:52:19,421 GoogleSearchPageStepDefinitions.der_nutzer_tippt_folgenden_suchbegriff_in_die_suchzeile_ein() - Nutzer tippt folgenden Suchbegriff in die Suchzeile ein: b
[[32mINFO [m] 2023-11-09 14:52:19,443 GoogleSearchPageStepDefinitions.der_nutzer_klickt_auf_suchen() - Nutzer klickt auf suchen
[[32mINFO [m] 2023-11-09 14:52:19,465 GoogleSearchPageStepDefinitions.derNutzerDasErsteErgebnisDerInDerErgebnislisteWaehlt() - Nutzer wählt das erste Ergebnis aus der Ergebnisliste
[[32mINFO [m] 2023-11-09 14:52:24,065 GoogleSearchPageStepDefinitions.soll_geprüft_werden_ob_der_title_der_seite_folgender_ist() - Soll geprüft werden ob der Title der Seite folgender ist: Aktuelle Nachrichten | BILD.de
[[32mINFO [m] 2023-11-09 14:52:24,082 GoogleSearchPageStepDefinitions.tearDown() - Browser wird geschlossen
[[32mINFO [m] 2023-11-09 14:53:45,982 GoogleSearchPageStepDefinitions.derNutzerÖffnetDen() - Nutzer öffnet den Browser: chrome
[[32mINFO [m] 2023-11-09 14:53:46,852 GoogleSearchPageStepDefinitions.derBenutzerBefindetSichAuf() - Benutzer befindet sich auf: https://www.google.de
[[32mINFO [m] 2023-11-09 14:53:47,358 GoogleSearchPageStepDefinitions.derNutzerAkzeptiertDieCookieMeldung() - Nutzer akzeptiert die Cookie-Meldung
[[32mINFO [m] 2023-11-09 14:53:47,406 GoogleSearchPageStepDefinitions.der_nutzer_tippt_folgenden_suchbegriff_in_die_suchzeile_ein() - Nutzer tippt folgenden Suchbegriff in die Suchzeile ein: a
[[32mINFO [m] 2023-11-09 14:53:47,466 GoogleSearchPageStepDefinitions.der_nutzer_klickt_auf_suchen() - Nutzer klickt auf suchen
[[32mINFO [m] 2023-11-09 14:53:47,615 GoogleSearchPageStepDefinitions.derNutzerDasErsteErgebnisDerInDerErgebnislisteWaehlt() - Nutzer wählt das erste Ergebnis aus der Ergebnisliste
[[32mINFO [m] 2023-11-09 14:53:49,162 GoogleSearchPageStepDefinitions.soll_geprüft_werden_ob_der_title_der_seite_folgender_ist() - Soll geprüft werden ob der Title der Seite folgender ist: A – Wikipedia
[[32mINFO [m] 2023-11-09 14:53:49,318 GoogleSearchPageStepDefinitions.tearDown() - Browser wird geschlossen
[[32mINFO [m] 2023-11-09 14:53:49,397 GoogleSearchPageStepDefinitions.derNutzerÖffnetDen() - Nutzer öffnet den Browser: chrome
[[32mINFO [m] 2023-11-09 14:53:49,774 GoogleSearchPageStepDefinitions.derBenutzerBefindetSichAuf() - Benutzer befindet sich auf: https://www.google.de
[[32mINFO [m] 2023-11-09 14:53:50,267 GoogleSearchPageStepDefinitions.derNutzerAkzeptiertDieCookieMeldung() - Nutzer akzeptiert die Cookie-Meldung
[[32mINFO [m] 2023-11-09 14:53:50,313 GoogleSearchPageStepDefinitions.der_nutzer_tippt_folgenden_suchbegriff_in_die_suchzeile_ein() - Nutzer tippt folgenden Suchbegriff in die Suchzeile ein: b
[[32mINFO [m] 2023-11-09 14:53:50,362 GoogleSearchPageStepDefinitions.der_nutzer_klickt_auf_suchen() - Nutzer klickt auf suchen
[[32mINFO [m] 2023-11-09 14:53:51,770 GoogleSearchPageStepDefinitions.derNutzerDasErsteErgebnisDerInDerErgebnislisteWaehlt() - Nutzer wählt das erste Ergebnis aus der Ergebnisliste
[[32mINFO [m] 2023-11-09 14:53:55,339 GoogleSearchPageStepDefinitions.soll_geprüft_werden_ob_der_title_der_seite_folgender_ist() - Soll geprüft werden ob der Title der Seite folgender ist: Aktuelle Nachrichten | BILD.de
[[32mINFO [m] 2023-11-09 14:53:55,506 GoogleSearchPageStepDefinitions.tearDown() - Browser wird geschlossen
[[32mINFO [m] 2023-11-09 14:53:55,592 GoogleSearchPageStepDefinitions.derNutzerÖffnetDen() - Nutzer öffnet den Browser: firefox
[[32mINFO [m] 2023-11-09 14:53:56,708 GoogleSearchPageStepDefinitions.derBenutzerBefindetSichAuf() - Benutzer befindet sich auf: https://www.google.de
[[32mINFO [m] 2023-11-09 14:53:57,298 GoogleSearchPageStepDefinitions.derNutzerAkzeptiertDieCookieMeldung() - Nutzer akzeptiert die Cookie-Meldung
[[32mINFO [m] 2023-11-09 14:53:57,541 GoogleSearchPageStepDefinitions.der_nutzer_tippt_folgenden_suchbegriff_in_die_suchzeile_ein() - Nutzer tippt folgenden Suchbegriff in die Suchzeile ein: a
[[32mINFO [m] 2023-11-09 14:53:57,571 GoogleSearchPageStepDefinitions.der_nutzer_klickt_auf_suchen() - Nutzer klickt auf suchen
[[32mINFO [m] 2023-11-09 14:53:57,599 GoogleSearchPageStepDefinitions.derNutzerDasErsteErgebnisDerInDerErgebnislisteWaehlt() - Nutzer wählt das erste Ergebnis aus der Ergebnisliste
[[32mINFO [m] 2023-11-09 14:53:58,311 GoogleSearchPageStepDefinitions.soll_geprüft_werden_ob_der_title_der_seite_folgender_ist() - Soll geprüft werden ob der Title der Seite folgender ist: A – Wikipedia
[[32mINFO [m] 2023-11-09 14:53:58,427 GoogleSearchPageStepDefinitions.tearDown() - Browser wird geschlossen
[[32mINFO [m] 2023-11-09 14:53:59,191 GoogleSearchPageStepDefinitions.derNutzerÖffnetDen() - Nutzer öffnet den Browser: firefox
[[32mINFO [m] 2023-11-09 14:54:00,234 GoogleSearchPageStepDefinitions.derBenutzerBefindetSichAuf() - Benutzer befindet sich auf: https://www.google.de
[[32mINFO [m] 2023-11-09 14:54:00,811 GoogleSearchPageStepDefinitions.derNutzerAkzeptiertDieCookieMeldung() - Nutzer akzeptiert die Cookie-Meldung
[[32mINFO [m] 2023-11-09 14:54:01,073 GoogleSearchPageStepDefinitions.der_nutzer_tippt_folgenden_suchbegriff_in_die_suchzeile_ein() - Nutzer tippt folgenden Suchbegriff in die Suchzeile ein: b
[[32mINFO [m] 2023-11-09 14:54:01,109 GoogleSearchPageStepDefinitions.der_nutzer_klickt_auf_suchen() - Nutzer klickt auf suchen
[[32mINFO [m] 2023-11-09 14:54:01,141 GoogleSearchPageStepDefinitions.derNutzerDasErsteErgebnisDerInDerErgebnislisteWaehlt() - Nutzer wählt das erste Ergebnis aus der Ergebnisliste
[[32mINFO [m] 2023-11-09 14:54:05,767 GoogleSearchPageStepDefinitions.soll_geprüft_werden_ob_der_title_der_seite_folgender_ist() - Soll geprüft werden ob der Title der Seite folgender ist: Aktuelle Nachrichten | BILD.de
[[32mINFO [m] 2023-11-09 14:54:05,980 GoogleSearchPageStepDefinitions.tearDown() - Browser wird geschlossen
[[32mINFO [m] 2023-11-09 14:54:58,189 GoogleSearchPageStepDefinitions.derNutzerÖffnetDen() - Nutzer öffnet den Browser: chrome
[[32mINFO [m] 2023-11-09 14:54:59,064 GoogleSearchPageStepDefinitions.derBenutzerBefindetSichAuf() - Benutzer befindet sich auf: https://www.google.de
[[32mINFO [m] 2023-11-09 14:54:59,653 GoogleSearchPageStepDefinitions.derNutzerAkzeptiertDieCookieMeldung() - Nutzer akzeptiert die Cookie-Meldung
[[32mINFO [m] 2023-11-09 14:54:59,728 GoogleSearchPageStepDefinitions.der_nutzer_tippt_folgenden_suchbegriff_in_die_suchzeile_ein() - Nutzer tippt folgenden Suchbegriff in die Suchzeile ein: a
[[32mINFO [m] 2023-11-09 14:54:59,785 GoogleSearchPageStepDefinitions.der_nutzer_klickt_auf_suchen() - Nutzer klickt auf suchen
[[32mINFO [m] 2023-11-09 14:54:59,960 GoogleSearchPageStepDefinitions.derNutzerDasErsteErgebnisDerInDerErgebnislisteWaehlt() - Nutzer wählt das erste Ergebnis aus der Ergebnisliste
[[32mINFO [m] 2023-11-09 14:55:01,329 GoogleSearchPageStepDefinitions.soll_geprüft_werden_ob_der_title_der_seite_folgender_ist() - Soll geprüft werden ob der Title der Seite folgender ist: A – Wikipedia
[[32mINFO [m] 2023-11-09 14:55:01,545 GoogleSearchPageStepDefinitions.tearDown() - Browser wird geschlossen
[[32mINFO [m] 2023-11-09 14:55:01,645 GoogleSearchPageStepDefinitions.derNutzerÖffnetDen() - Nutzer öffnet den Browser: chrome
[[32mINFO [m] 2023-11-09 14:55:02,067 GoogleSearchPageStepDefinitions.derBenutzerBefindetSichAuf() - Benutzer befindet sich auf: https://www.google.de
[[32mINFO [m] 2023-11-09 14:55:02,625 GoogleSearchPageStepDefinitions.derNutzerAkzeptiertDieCookieMeldung() - Nutzer akzeptiert die Cookie-Meldung
[[32mINFO [m] 2023-11-09 14:55:02,673 GoogleSearchPageStepDefinitions.der_nutzer_tippt_folgenden_suchbegriff_in_die_suchzeile_ein() - Nutzer tippt folgenden Suchbegriff in die Suchzeile ein: b
[[32mINFO [m] 2023-11-09 14:55:02,728 GoogleSearchPageStepDefinitions.der_nutzer_klickt_auf_suchen() - Nutzer klickt auf suchen
[[32mINFO [m] 2023-11-09 14:55:02,895 GoogleSearchPageStepDefinitions.derNutzerDasErsteErgebnisDerInDerErgebnislisteWaehlt() - Nutzer wählt das erste Ergebnis aus der Ergebnisliste
[[32mINFO [m] 2023-11-09 14:55:07,633 GoogleSearchPageStepDefinitions.soll_geprüft_werden_ob_der_title_der_seite_folgender_ist() - Soll geprüft werden ob der Title der Seite folgender ist: Aktuelle Nachrichten | BILD.de
[[32mINFO [m] 2023-11-09 14:55:07,796 GoogleSearchPageStepDefinitions.tearDown() - Browser wird geschlossen
[[32mINFO [m] 2023-11-09 14:55:07,890 GoogleSearchPageStepDefinitions.derNutzerÖffnetDen() - Nutzer öffnet den Browser: firefox
[[32mINFO [m] 2023-11-09 14:55:09,102 GoogleSearchPageStepDefinitions.derBenutzerBefindetSichAuf() - Benutzer befindet sich auf: https://www.google.de
[[32mINFO [m] 2023-11-09 14:55:09,684 GoogleSearchPageStepDefinitions.derNutzerAkzeptiertDieCookieMeldung() - Nutzer akzeptiert die Cookie-Meldung
[[32mINFO [m] 2023-11-09 14:55:09,924 GoogleSearchPageStepDefinitions.der_nutzer_tippt_folgenden_suchbegriff_in_die_suchzeile_ein() - Nutzer tippt folgenden Suchbegriff in die Suchzeile ein: a
[[32mINFO [m] 2023-11-09 14:55:09,948 GoogleSearchPageStepDefinitions.der_nutzer_klickt_auf_suchen() - Nutzer klickt auf suchen
[[32mINFO [m] 2023-11-09 14:55:09,980 GoogleSearchPageStepDefinitions.derNutzerDasErsteErgebnisDerInDerErgebnislisteWaehlt() - Nutzer wählt das erste Ergebnis aus der Ergebnisliste
[[32mINFO [m] 2023-11-09 14:55:10,673 GoogleSearchPageStepDefinitions.soll_geprüft_werden_ob_der_title_der_seite_folgender_ist() - Soll geprüft werden ob der Title der Seite folgender ist: A – Wikipedia
[[32mINFO [m] 2023-11-09 14:55:10,822 GoogleSearchPageStepDefinitions.tearDown() - Browser wird geschlossen
[[32mINFO [m] 2023-11-09 14:55:11,356 GoogleSearchPageStepDefinitions.derNutzerÖffnetDen() - Nutzer öffnet den Browser: firefox
[[32mINFO [m] 2023-11-09 14:55:12,397 GoogleSearchPageStepDefinitions.derBenutzerBefindetSichAuf() - Benutzer befindet sich auf: https://www.google.de
[[32mINFO [m] 2023-11-09 14:55:12,990 GoogleSearchPageStepDefinitions.derNutzerAkzeptiertDieCookieMeldung() - Nutzer akzeptiert die Cookie-Meldung
[[32mINFO [m] 2023-11-09 14:55:13,228 GoogleSearchPageStepDefinitions.der_nutzer_tippt_folgenden_suchbegriff_in_die_suchzeile_ein() - Nutzer tippt folgenden Suchbegriff in die Suchzeile ein: b
[[32mINFO [m] 2023-11-09 14:55:13,251 GoogleSearchPageStepDefinitions.der_nutzer_klickt_auf_suchen() - Nutzer klickt auf suchen
[[32mINFO [m] 2023-11-09 14:55:13,276 GoogleSearchPageStepDefinitions.derNutzerDasErsteErgebnisDerInDerErgebnislisteWaehlt() - Nutzer wählt das erste Ergebnis aus der Ergebnisliste
[[32mINFO [m] 2023-11-09 14:55:18,468 GoogleSearchPageStepDefinitions.soll_geprüft_werden_ob_der_title_der_seite_folgender_ist() - Soll geprüft werden ob der Title der Seite folgender ist: Aktuelle Nachrichten | BILD.de
[[32mINFO [m] 2023-11-09 14:55:18,684 GoogleSearchPageStepDefinitions.tearDown() - Browser wird geschlossen
